<component name="libraryTable">
  <library name="junit-4.10">
    <CLASSES>
      <root url="jar://$PROJECT_DIR$/lib/junit-4.10.jar!/" />
      <root url="jar://$USER_HOME$/Desktop/thoughtworks/example/jmock-2.5.1/bsh-core-2.0b4.jar!/" />
      <root url="jar://$USER_HOME$/Desktop/thoughtworks/example/jmock-2.5.1/cglib-nodep-2.1_3.jar!/" />
      <root url="jar://$USER_HOME$/Desktop/thoughtworks/example/jmock-2.5.1/hamcrest-core-1.1.jar!/" />
      <root url="jar://$USER_HOME$/Desktop/thoughtworks/example/jmock-2.5.1/hamcrest-library-1.1.jar!/" />
      <root url="jar://$USER_HOME$/Desktop/thoughtworks/example/jmock-2.5.1/jmock-2.5.1.jar!/" />
      <root url="jar://$USER_HOME$/Desktop/thoughtworks/example/jmock-2.5.1/jmock-junit3-2.5.1.jar!/" />
      <root url="jar://$USER_HOME$/Desktop/thoughtworks/example/jmock-2.5.1/jmock-junit4-2.5.1.jar!/" />
      <root url="jar://$USER_HOME$/Desktop/thoughtworks/example/jmock-2.5.1/jmock-script-2.5.1.jar!/" />
      <root url="jar://$USER_HOME$/Desktop/thoughtworks/example/jmock-2.5.1/jmock-legacy-2.5.1.jar!/" />
      <root url="jar://$USER_HOME$/Desktop/thoughtworks/example/jmock-2.5.1/objenesis-1.0.jar!/" />
      <root url="jar://$USER_HOME$/Desktop/thoughtworks/example/mockito-all-1.9.5-rc1.jar!/" />
    </CLASSES>
    <JAVADOC />
    <SOURCES>
      <root url="jar://$USER_HOME$/Desktop/thoughtworks/example/jmock-2.5.1/cglib-2.1_3-src.jar!/" />
      <root url="jar://$USER_HOME$/Desktop/thoughtworks/example/jmock-2.5.1/hamcrest-core-1.1.jar!/" />
      <root url="jar://$USER_HOME$/Desktop/thoughtworks/example/jmock-2.5.1/hamcrest-library-1.1.jar!/" />
      <root url="jar://$USER_HOME$/Desktop/thoughtworks/example/jmock-2.5.1/jmock-2.5.1.jar!/" />
      <root url="jar://$USER_HOME$/Desktop/thoughtworks/example/jmock-2.5.1/jmock-junit3-2.5.1.jar!/" />
      <root url="jar://$USER_HOME$/Desktop/thoughtworks/example/jmock-2.5.1/jmock-junit4-2.5.1.jar!/" />
      <root url="jar://$USER_HOME$/Desktop/thoughtworks/example/jmock-2.5.1/jmock-script-2.5.1.jar!/" />
      <root url="jar://$USER_HOME$/Desktop/thoughtworks/example/jmock-2.5.1/jmock-legacy-2.5.1.jar!/" />
      <root url="jar://$USER_HOME$/Desktop/thoughtworks/example/mockito-all-1.9.5-rc1.jar!/" />
    </SOURCES>
  </library>
</component>